<?xml version="1.0" encoding="UTF-8" standalone="no"?>
<testsuite errors="0" failures="2" name="io.cucumber.core.plugin.JUnitFormatter" skipped="0" tests="14" time="110.391">
    <testcase classname="User could register with valid data" name="Register with user data" time="16.561">
        <failure message="no such element: Unable to locate element: {&quot;method&quot;:&quot;css selector&quot;,&quot;selector&quot;:&quot;.result&quot;}&#10;  (Session info: chrome=100.0.4896.127)&#10;For documentation on this error, please visit: https://selenium.dev/exceptions/#no_such_element&#10;Build info: version: '4.1.2', revision: '9a5a329c5a'&#10;System info: host: 'DESKTOP-0HFLPO6', ip: '192.168.56.1', os.name: 'Windows 10', os.arch: 'amd64', os.version: '10.0', java.version: '17.0.2'&#10;Driver info: org.openqa.selenium.chrome.ChromeDriver&#10;Command: [1d96d5d9e5cef74b0f0f75893d531b0c, findElement {using=css selector, value=.result}]&#10;Capabilities {acceptInsecureCerts: false, browserName: chrome, browserVersion: 100.0.4896.127, chrome: {chromedriverVersion: 100.0.4896.60 (6a5d10861ce8..., userDataDir: C:\Users\ASMAAE~1\AppData\L...}, goog:chromeOptions: {debuggerAddress: localhost:60153}, javascriptEnabled: true, networkConnectionEnabled: false, pageLoadStrategy: normal, platform: WINDOWS, platformName: WINDOWS, proxy: Proxy(), se:cdp: ws://localhost:60153/devtoo..., se:cdpVersion: 100.0.4896.127, setWindowRect: true, strictFileInteractability: false, timeouts: {implicit: 0, pageLoad: 300000, script: 30000}, unhandledPromptBehavior: dismiss and notify, webauthn:extension:credBlob: true, webauthn:extension:largeBlob: true, webauthn:virtualAuthenticators: true}&#10;Session ID: 1d96d5d9e5cef74b0f0f75893d531b0c" type="org.openqa.selenium.NoSuchElementException"><![CDATA[Given click on Register.....................................................passed
When user enter "Asmaa","Mohammed","asmaa00elsbaie@gmail.com","1234512345","1234512345".passed
And click on Register Button................................................passed
Then complete massage appear................................................failed
And click Continue Button...................................................skipped

StackTrace:
org.openqa.selenium.NoSuchElementException: no such element: Unable to locate element: {"method":"css selector","selector":".result"}
  (Session info: chrome=100.0.4896.127)
For documentation on this error, please visit: https://selenium.dev/exceptions/#no_such_element
Build info: version: '4.1.2', revision: '9a5a329c5a'
System info: host: 'DESKTOP-0HFLPO6', ip: '192.168.56.1', os.name: 'Windows 10', os.arch: 'amd64', os.version: '10.0', java.version: '17.0.2'
Driver info: org.openqa.selenium.chrome.ChromeDriver
Command: [1d96d5d9e5cef74b0f0f75893d531b0c, findElement {using=css selector, value=.result}]
Capabilities {acceptInsecureCerts: false, browserName: chrome, browserVersion: 100.0.4896.127, chrome: {chromedriverVersion: 100.0.4896.60 (6a5d10861ce8..., userDataDir: C:\Users\ASMAAE~1\AppData\L...}, goog:chromeOptions: {debuggerAddress: localhost:60153}, javascriptEnabled: true, networkConnectionEnabled: false, pageLoadStrategy: normal, platform: WINDOWS, platformName: WINDOWS, proxy: Proxy(), se:cdp: ws://localhost:60153/devtoo..., se:cdpVersion: 100.0.4896.127, setWindowRect: true, strictFileInteractability: false, timeouts: {implicit: 0, pageLoad: 300000, script: 30000}, unhandledPromptBehavior: dismiss and notify, webauthn:extension:credBlob: true, webauthn:extension:largeBlob: true, webauthn:virtualAuthenticators: true}
Session ID: 1d96d5d9e5cef74b0f0f75893d531b0c
	at java.base/jdk.internal.reflect.NativeConstructorAccessorImpl.newInstance0(Native Method)
	at java.base/jdk.internal.reflect.NativeConstructorAccessorImpl.newInstance(NativeConstructorAccessorImpl.java:77)
	at java.base/jdk.internal.reflect.DelegatingConstructorAccessorImpl.newInstance(DelegatingConstructorAccessorImpl.java:45)
	at java.base/java.lang.reflect.Constructor.newInstanceWithCaller(Constructor.java:499)
	at java.base/java.lang.reflect.Constructor.newInstance(Constructor.java:480)
	at org.openqa.selenium.remote.codec.w3c.W3CHttpResponseCodec.createException(W3CHttpResponseCodec.java:200)
	at org.openqa.selenium.remote.codec.w3c.W3CHttpResponseCodec.decode(W3CHttpResponseCodec.java:133)
	at org.openqa.selenium.remote.codec.w3c.W3CHttpResponseCodec.decode(W3CHttpResponseCodec.java:53)
	at org.openqa.selenium.remote.HttpCommandExecutor.execute(HttpCommandExecutor.java:184)
	at org.openqa.selenium.remote.service.DriverCommandExecutor.invokeExecute(DriverCommandExecutor.java:167)
	at org.openqa.selenium.remote.service.DriverCommandExecutor.execute(DriverCommandExecutor.java:142)
	at org.openqa.selenium.remote.RemoteWebDriver.execute(RemoteWebDriver.java:558)
	at org.openqa.selenium.remote.ElementLocation$ElementFinder$2.findElement(ElementLocation.java:162)
	at org.openqa.selenium.remote.ElementLocation.findElement(ElementLocation.java:60)
	at org.openqa.selenium.remote.RemoteWebDriver.findElement(RemoteWebDriver.java:382)
	at org.openqa.selenium.remote.RemoteWebDriver.findElement(RemoteWebDriver.java:374)
	at org.openqa.selenium.By$PreW3CLocator.findElement(By.java:429)
	at org.openqa.selenium.By$ByClassName.findElement(By.java:298)
	at org.openqa.selenium.remote.ElementLocation$ElementFinder$1.findElement(ElementLocation.java:136)
	at org.openqa.selenium.remote.ElementLocation.findElement(ElementLocation.java:80)
	at org.openqa.selenium.remote.RemoteWebDriver.findElement(RemoteWebDriver.java:382)
	at org.openqa.selenium.remote.RemoteWebDriver.findElement(RemoteWebDriver.java:374)
	at stepDefinitions.Registration.complete_massage_appear(Registration.java:34)
	at ✽.complete massage appear(file:///F:/udacity/UdacityAutomationProject/src/main/resources/feature/SC01_Registration.feature:8)
]]></failure>
    </testcase>
    <testcase classname="user could login with valid credentials" name="user should be able to login with valid username and password" time="7.011">
        <system-out><![CDATA[Given click login...........................................................passed
When enter valid "asmaa00elsbaie@gmail.com" and "1234512345"................passed
And click on login button...................................................passed
]]></system-out>
    </testcase>
    <testcase classname="user could login with valid credentials" name="user should be able to login with inValid username and password" time="6.892">
        <system-out><![CDATA[Given click login...........................................................passed
When enter invalid "asmaaelsbaie@gmail.com" and "123456"....................passed
And click on login button...................................................passed
]]></system-out>
    </testcase>
    <testcase classname="user could search for any product on the system" name="user should search for product using full name" time="6.215">
        <failure message="expected [true] but found [false]" type="java.lang.AssertionError"><![CDATA[Given click on search field.................................................passed
When search with "laptop" of product........................................passed
Then find relative results..................................................failed

StackTrace:
java.lang.AssertionError: expected [true] but found [false]
	at org.testng.Assert.fail(Assert.java:110)
	at org.testng.Assert.failNotEquals(Assert.java:1413)
	at org.testng.Assert.assertTrue(Assert.java:56)
	at org.testng.Assert.assertTrue(Assert.java:66)
	at stepDefinitions.Search.find_relative_results(Search.java:45)
	at ✽.find relative results(file:///F:/udacity/UdacityAutomationProject/src/main/resources/feature/SC04_Search.feature:8)
]]></failure>
    </testcase>
    <testcase classname="user could search for any product on the system" name="user should search for product using Laptop" time="6.62">
        <system-out><![CDATA[Given click on search field.................................................passed
When search with "book" of product..........................................passed
Then find relative results..................................................passed
]]></system-out>
    </testcase>
    <testcase classname="Logged User could switch between currencies US-Euro" name="Switch currencies Us" time="5.801">
        <system-out><![CDATA[When click List currency option.............................................passed
Then US Appeare.............................................................passed
]]></system-out>
    </testcase>
    <testcase classname="Logged User could switch between currencies US-Euro" name="Switch currencies EURO" time="6.206">
        <system-out><![CDATA[When click List currency option.............................................passed
Then EURO Appeare...........................................................passed
]]></system-out>
    </testcase>
    <testcase classname="Logged user could select different Categories" name="Add Rondom products" time="5.881">
        <system-out><![CDATA[Given make list of all categories...........................................passed
When select Random product..................................................passed
Then open product Details...................................................passed
]]></system-out>
    </testcase>
    <testcase classname="Logged user could add different products to Shopping cart" name="Add first product" time="8.177">
        <system-out><![CDATA[Given click on search field.................................................passed
When search with "book" of product..........................................passed
Then user click to add "/html/body/div[6]/div[3]/div/div[2]/div/div[2]/div[3]/div/div[2]/div/div/div[3]/div/div[2]/div[3]/div[2]/button[1]" to cart.passed
When search with "laptop" of product........................................passed
Then user click to add "/html/body/div[6]/div[3]/div/div[2]/div/div[2]/div[3]/div/div[2]/div/div/div[2]/div/div[2]/div[3]/div[2]/button[1]" to cart.passed
]]></system-out>
    </testcase>
    <testcase classname="Logged user could add different products to Wishlist" name="Add items to wishList" time="6.504">
        <system-out><![CDATA[Given click on search field.................................................passed
When search with "laptop" of product........................................passed
Then Click Wish Button......................................................passed
]]></system-out>
    </testcase>
    <testcase classname="SC11- Logged user could add different products to compare list" name="_2" time="6.08">
        <system-out><![CDATA[Given click on search field.................................................passed
When search with "Book" of product..........................................passed
Then Add to Compare List....................................................passed
]]></system-out>
    </testcase>
    <testcase classname="Create successful Order" name="Create Order" time="10.527">
        <system-out><![CDATA[When click on search field..................................................passed
And search with "book" of product...........................................passed
Then user click to add "/html/body/div[6]/div[3]/div/div[2]/div/div[2]/div[3]/div/div[2]/div/div/div[3]/div/div[2]/div[3]/div[2]/button[1]" to cart.passed
When search with "laptop" of product........................................passed
Then user click to add "/html/body/div[6]/div[3]/div/div[2]/div/div[2]/div[3]/div/div[2]/div/div/div[2]/div/div[2]/div[3]/div[2]/button[1]" to cart.passed
Then click Shopping cart....................................................passed
When check Agree Services...................................................passed
Then Click Checkout Button..................................................passed
]]></system-out>
    </testcase>
    <testcase classname="Unknown" name="Logged user could filter with color" time="11.462">
        <system-out><![CDATA[Given selects Category and hover to open sub-Category.......................passed
When filter sub-Category with color.........................................passed
Then find product with the selected color...................................passed
]]></system-out>
    </testcase>
    <testcase classname="Unknown" name="SC8- Logged user could select different tags" time="5.856">
        <system-out><![CDATA[Given click on search field.................................................passed
When search with "tag" of product...........................................passed
Then select awesome tag.....................................................passed
Then select computer tag....................................................passed
]]></system-out>
    </testcase>
</testsuite>
